<?xml version="1.0" encoding="UTF-8"?>
<!-- Generated by org.testng.reporters.JUnitReportReporter -->
<testsuite hostname="DESKTOP-OEC6AVG" failures="0" tests="3" name="com.crm.qa.test.HomePageTest" time="56.749" errors="0" timestamp="21 Jul 2019 08:37:23 GMT" skipped="0">
  <testcase classname="com.crm.qa.test.HomePageTest" name="clickOnProfileLoginButtonLoginlableTest" time="22.838"/>
  <testcase classname="com.crm.qa.test.HomePageTest" name="verifyLoginPageTitleTest" time="16.931"/>
  <testcase classname="com.crm.qa.test.HomePageTest" name="varifyLblTest" time="16.980"/>
</testsuite> <!-- com.crm.qa.test.HomePageTest -->
